<?xml version="1.0" encoding="UTF-8"?>
<!-- Generated by org.testng.reporters.JUnitReportReporter -->
<testsuite hostname="LAPTOP-RQMIKUIO" failures="0" tests="5" name="prctice.DataProviderActiTime" time="112.477" errors="0" timestamp="2022-07-07T17:10:53 IST" skipped="0">
  <testcase classname="prctice.DataProviderActiTime" name="loginActiTime" time="19.861"/>
  <system-out/>
  <testcase classname="prctice.DataProviderActiTime" name="loginActiTime" time="21.114"/>
  <system-out/>
  <testcase classname="prctice.DataProviderActiTime" name="loginActiTime" time="24.192"/>
  <system-out/>
  <testcase classname="prctice.DataProviderActiTime" name="loginActiTime" time="21.918"/>
  <system-out/>
  <testcase classname="prctice.DataProviderActiTime" name="loginActiTime" time="25.392"/>
  <system-out/>
</testsuite> <!-- prctice.DataProviderActiTime -->
