<?xml version="1.0" encoding="UTF-8"?>
<!-- Generated by org.testng.reporters.JUnitReportReporter -->
<testsuite hostname="LAPTOP-RQMIKUIO" failures="0" tests="2" name="com.crm.erthwood.campaignsTest.CampaignsTest" time="33.685" errors="0" timestamp="2022-07-13T16:04:56 IST" skipped="0">
  <testcase classname="com.crm.erthwood.campaignsTest.CampaignsTest" name="createCampaignTest" time="13.732"/>
  <system-out/>
  <testcase classname="com.crm.erthwood.campaignsTest.CampaignsTest" name="createProductsCampaignTest" time="19.953"/>
  <system-out/>
</testsuite> <!-- com.crm.erthwood.campaignsTest.CampaignsTest -->
