<?xml version="1.0" encoding="UTF-8"?>
<!-- Generated by org.testng.reporters.JUnitReportReporter -->
<testsuite hostname="LAPTOP-RQMIKUIO" failures="0" tests="5" name="prctice.DataProviderExcelTest" time="0.011" errors="0" timestamp="2022-07-17T20:50:35 IST" skipped="0">
  <testcase classname="prctice.DataProviderExcelTest" name="bookTicket" time="0.001"/>
  <system-out/>
  <testcase classname="prctice.DataProviderExcelTest" name="bookTicket" time="0.001"/>
  <system-out/>
  <testcase classname="prctice.DataProviderExcelTest" name="bookTicket" time="0.007"/>
  <system-out/>
  <testcase classname="prctice.DataProviderExcelTest" name="bookTicket" time="0.001"/>
  <system-out/>
  <testcase classname="prctice.DataProviderExcelTest" name="bookTicket" time="0.001"/>
  <system-out/>
</testsuite> <!-- prctice.DataProviderExcelTest -->
