<?xml version="1.0" encoding="UTF-8"?>
<!-- Generated by org.testng.reporters.JUnitReportReporter -->
<testsuite hostname="LAPTOP-RQMIKUIO" failures="0" tests="3" name="com.crm.erthwood.contactsTest.ContactsTest" time="40.560" errors="0" timestamp="2022-07-08T16:25:55 IST" skipped="0">
  <testcase classname="com.crm.erthwood.contactsTest.ContactsTest" name="createContactTest" time="13.432"/>
  <system-out>
    <![CDATA[Passed]]>
  </system-out>
  <testcase classname="com.crm.erthwood.contactsTest.ContactsTest" name="createContactOrganizationTest" time="13.317"/>
  <system-out/>
  <testcase classname="com.crm.erthwood.contactsTest.ContactsTest" name="createAndDeleteContactTest" time="13.811"/>
  <system-out/>
</testsuite> <!-- com.crm.erthwood.contactsTest.ContactsTest -->
